[INFO ] 2024-04-05 17:25:08.066 [main] TriangleServiceImpl - Perimeter calculated: 15.0
[INFO ] 2024-04-05 17:25:08.075 [main] TriangleServiceImpl - Area calculated: 9.921567416492215
[INFO ] 2024-04-05 17:25:08.077 [main] TriangleObserverImpl - Warehouse updated
[INFO ] 2024-04-05 17:25:08.077 [main] TriangleServiceImpl - Area calculated: 9.921567416492215
[INFO ] 2024-04-05 17:25:08.094 [main] TriangleServiceImpl - Perimeter calculated: 18.0
[INFO ] 2024-04-05 17:25:08.094 [main] TriangleServiceImpl - Area calculated: 15.588457268119896
[INFO ] 2024-04-05 17:25:08.094 [main] TriangleObserverImpl - Warehouse updated
[INFO ] 2024-04-05 17:25:08.097 [main] TriangleServiceImpl - Perimeter calculated: 15.0
[INFO ] 2024-04-05 17:25:08.097 [main] TriangleServiceImpl - Area calculated: 9.921567416492215
[INFO ] 2024-04-05 17:25:08.098 [main] TriangleObserverImpl - Warehouse updated
[INFO ] 2024-04-05 17:25:08.098 [main] TriangleServiceImpl - Perimeter calculated: 15.0
[INFO ] 2024-04-05 17:25:08.098 [main] TriangleServiceImpl - Perimeter calculated: 17.0
[INFO ] 2024-04-05 17:25:08.098 [main] TriangleServiceImpl - Area calculated: 13.635890143294644
[INFO ] 2024-04-05 17:25:08.098 [main] TriangleObserverImpl - Warehouse updated
[INFO ] 2024-04-05 17:25:08.098 [main] TriangleServiceImpl - Perimeter calculated: 17.0
[INFO ] 2024-04-05 17:25:08.109 [main] TriangleServiceImpl - Perimeter calculated: 15.0
[INFO ] 2024-04-05 17:25:08.109 [main] TriangleServiceImpl - Area calculated: 9.921567416492215
[INFO ] 2024-04-05 17:25:08.109 [main] TriangleObserverImpl - Warehouse updated
[INFO ] 2024-04-05 17:25:08.115 [main] TriangleFactoryImpl - A new triangle: Triangle{id=4, side A=4.0, side B=5.0, side C=6.0, state=REGULAR}
[INFO ] 2024-04-05 17:25:08.116 [main] TriangleServiceImpl - Perimeter calculated: 26.0
[INFO ] 2024-04-05 17:25:08.116 [main] TriangleServiceImpl - Area calculated: 32.2490309931942
[INFO ] 2024-04-05 17:25:08.116 [main] TriangleObserverImpl - Warehouse updated
[INFO ] 2024-04-05 17:25:08.116 [main] TriangleFactoryImpl - A new triangle: Triangle{id=5, side A=8.0, side B=9.0, side C=9.0, state=ISOSCELES}
[INFO ] 2024-04-05 17:25:08.116 [main] TriangleServiceImpl - Perimeter calculated: 18.0
[INFO ] 2024-04-05 17:25:08.116 [main] TriangleServiceImpl - Area calculated: 15.588457268119896
[INFO ] 2024-04-05 17:25:08.116 [main] TriangleObserverImpl - Warehouse updated
[INFO ] 2024-04-05 17:25:08.116 [main] TriangleFactoryImpl - A new triangle: Triangle{id=6, side A=6.0, side B=6.0, side C=6.0, state=EQUILATERAL}
[ERROR] 2024-04-05 17:25:08.117 [main] TriangleValidator - Invalid triangle data: [1.0, 1.0, 7.0]
[INFO ] 2024-04-05 17:25:08.119 [main] TriangleServiceImpl - Perimeter calculated: 15.0
[INFO ] 2024-04-05 17:25:08.120 [main] TriangleServiceImpl - Area calculated: 9.921567416492215
[INFO ] 2024-04-05 17:25:08.120 [main] TriangleObserverImpl - Warehouse updated
[INFO ] 2024-04-05 17:25:08.123 [main] TriangleServiceImpl - Perimeter calculated: 15.0
[INFO ] 2024-04-05 17:25:08.123 [main] TriangleServiceImpl - Area calculated: 9.921567416492215
[INFO ] 2024-04-05 17:25:08.123 [main] TriangleObserverImpl - Warehouse updated
[INFO ] 2024-04-05 17:25:08.124 [main] TriangleServiceImpl - Perimeter calculated: 15.0
[ERROR] 2024-04-05 17:25:08.129 [main] InputValidator - Invalid data: [2w.0, 3.0, 4.1]
[ERROR] 2024-04-05 17:25:08.129 [main] InputValidator - Number of parameters doesn't equals 3: [1.0, 2.0]
[INFO ] 2024-04-05 17:25:08.132 [main] TriangleServiceImpl - Perimeter calculated: 26.0
[INFO ] 2024-04-05 17:25:08.132 [main] TriangleServiceImpl - Area calculated: 32.2490309931942
[INFO ] 2024-04-05 17:25:08.132 [main] TriangleObserverImpl - Warehouse updated
[INFO ] 2024-04-05 17:25:08.138 [main] TriangleServiceImpl - Perimeter calculated: -1.0
[INFO ] 2024-04-05 17:25:08.138 [main] TriangleServiceImpl - Area calculated: -1.0
[INFO ] 2024-04-05 17:25:08.138 [main] TriangleObserverImpl - Warehouse updated
[INFO ] 2024-04-05 17:25:08.138 [main] TriangleServiceImpl - Perimeter calculated: -1.0
[INFO ] 2024-04-05 17:25:08.139 [main] TriangleServiceImpl - Area calculated: -1.0
[INFO ] 2024-04-05 17:25:08.139 [main] TriangleObserverImpl - Warehouse updated
[ERROR] 2024-04-05 17:25:16.218 [main] InputValidator - Invalid data: [2w.0, 3.0, 4.1]
[ERROR] 2024-04-05 17:25:16.223 [main] InputValidator - Number of parameters doesn't equals 3: [1.0, 2.0]
[INFO ] 2024-04-05 17:25:16.237 [main] TriangleServiceImpl - Perimeter calculated: 15.0
[INFO ] 2024-04-05 17:25:16.238 [main] TriangleServiceImpl - Area calculated: 9.921567416492215
[INFO ] 2024-04-05 17:25:16.239 [main] TriangleObserverImpl - Warehouse updated
[INFO ] 2024-04-05 17:25:16.264 [main] TriangleFactoryImpl - A new triangle: Triangle{id=1, side A=4.0, side B=5.0, side C=6.0, state=REGULAR}
[INFO ] 2024-04-05 17:25:16.265 [main] TriangleServiceImpl - Perimeter calculated: 12.0
[INFO ] 2024-04-05 17:25:16.265 [main] TriangleServiceImpl - Area calculated: 6.0
[INFO ] 2024-04-05 17:25:16.266 [main] TriangleObserverImpl - Warehouse updated
[INFO ] 2024-04-05 17:25:16.266 [main] TriangleFactoryImpl - A new triangle: Triangle{id=2, side A=3.0, side B=4.0, side C=5.0, state=RIGHT}
[ERROR] 2024-04-05 17:25:16.267 [main] TriangleValidator - Invalid triangle data: [1.0, 1.0, 7.0]
[INFO ] 2024-04-05 17:25:16.268 [main] TriangleServiceImpl - Perimeter calculated: 26.0
[INFO ] 2024-04-05 17:25:16.268 [main] TriangleServiceImpl - Area calculated: 32.2490309931942
[INFO ] 2024-04-05 17:25:16.268 [main] TriangleObserverImpl - Warehouse updated
[INFO ] 2024-04-05 17:25:16.268 [main] TriangleFactoryImpl - A new triangle: Triangle{id=3, side A=8.0, side B=9.0, side C=9.0, state=ISOSCELES}
[ERROR] 2024-04-05 17:25:16.269 [main] TriangleValidator - Invalid triangle data: [7.0, 5.0, -4.0]
[ERROR] 2024-04-05 17:25:16.269 [main] TriangleValidator - Invalid triangle data: [-2.0, -3.0, -6.0]
[INFO ] 2024-04-05 17:25:16.269 [main] TriangleServiceImpl - Perimeter calculated: 18.0
[INFO ] 2024-04-05 17:25:16.270 [main] TriangleServiceImpl - Area calculated: 15.588457268119896
[INFO ] 2024-04-05 17:25:16.270 [main] TriangleObserverImpl - Warehouse updated
[INFO ] 2024-04-05 17:25:16.270 [main] TriangleFactoryImpl - A new triangle: Triangle{id=4, side A=6.0, side B=6.0, side C=6.0, state=EQUILATERAL}
[INFO ] 2024-04-05 17:25:16.271 [main] TriangleServiceImpl - Perimeter calculated: 7.199999999999999
[INFO ] 2024-04-05 17:25:16.271 [main] TriangleServiceImpl - Area calculated: 1.9162463307205573
[INFO ] 2024-04-05 17:25:16.271 [main] TriangleObserverImpl - Warehouse updated
[INFO ] 2024-04-05 17:25:16.271 [main] TriangleFactoryImpl - A new triangle: Triangle{id=5, side A=1.9, side B=2.1, side C=3.2, state=REGULAR}
[ERROR] 2024-04-05 17:25:16.272 [main] TriangleValidator - Invalid triangle data: [1.0, 2.0, 3.0]
[INFO ] 2024-04-05 17:25:16.273 [main] TriangleServiceImpl - Perimeter calculated: 16.0
[INFO ] 2024-04-05 17:25:16.274 [main] TriangleServiceImpl - Area calculated: 12.0
[INFO ] 2024-04-05 17:25:16.274 [main] TriangleObserverImpl - Warehouse updated
[INFO ] 2024-04-05 17:25:16.274 [main] TriangleServiceImpl - Perimeter calculated: 18.0
[INFO ] 2024-04-05 17:25:16.275 [main] TriangleServiceImpl - Area calculated: 12.0
[INFO ] 2024-04-05 17:25:16.275 [main] TriangleObserverImpl - Warehouse updated
[INFO ] 2024-04-05 17:26:17.772 [main] TriangleServiceImpl - Perimeter calculated: 12.0
[INFO ] 2024-04-05 17:26:17.778 [main] TriangleServiceImpl - Area calculated: 6.0
[INFO ] 2024-04-05 17:26:17.779 [main] TriangleObserverImpl - Warehouse updated
[INFO ] 2024-04-05 17:26:17.809 [main] TriangleServiceImpl - Perimeter calculated: 15.0
[INFO ] 2024-04-05 17:26:17.810 [main] TriangleServiceImpl - Area calculated: 9.921567416492215
[INFO ] 2024-04-05 17:26:17.810 [main] TriangleObserverImpl - Warehouse updated
[INFO ] 2024-04-05 17:26:17.811 [main] TriangleServiceImpl - Area calculated: 9.921567416492215
[INFO ] 2024-04-05 17:26:17.815 [main] TriangleServiceImpl - Perimeter calculated: 18.0
[INFO ] 2024-04-05 17:26:17.816 [main] TriangleServiceImpl - Area calculated: 15.588457268119896
[INFO ] 2024-04-05 17:26:17.816 [main] TriangleObserverImpl - Warehouse updated
[INFO ] 2024-04-05 17:26:17.821 [main] TriangleServiceImpl - Perimeter calculated: 15.0
[INFO ] 2024-04-05 17:26:17.821 [main] TriangleServiceImpl - Area calculated: 9.921567416492215
[INFO ] 2024-04-05 17:26:17.822 [main] TriangleObserverImpl - Warehouse updated
[INFO ] 2024-04-05 17:26:17.822 [main] TriangleServiceImpl - Perimeter calculated: 15.0
[INFO ] 2024-04-05 17:26:17.822 [main] TriangleServiceImpl - Perimeter calculated: 17.0
[INFO ] 2024-04-05 17:26:17.823 [main] TriangleServiceImpl - Area calculated: 13.635890143294644
[INFO ] 2024-04-05 17:26:17.823 [main] TriangleObserverImpl - Warehouse updated
[INFO ] 2024-04-05 17:26:17.823 [main] TriangleServiceImpl - Perimeter calculated: 17.0
[INFO ] 2024-04-05 17:26:17.837 [main] TriangleServiceImpl - Perimeter calculated: 15.0
[INFO ] 2024-04-05 17:26:17.838 [main] TriangleServiceImpl - Area calculated: 9.921567416492215
[INFO ] 2024-04-05 17:26:17.838 [main] TriangleObserverImpl - Warehouse updated
[INFO ] 2024-04-05 17:26:17.852 [main] TriangleFactoryImpl - A new triangle: Triangle{id=5, side A=4.0, side B=5.0, side C=6.0, state=REGULAR}
[INFO ] 2024-04-05 17:26:17.852 [main] TriangleServiceImpl - Perimeter calculated: 26.0
[INFO ] 2024-04-05 17:26:17.853 [main] TriangleServiceImpl - Area calculated: 32.2490309931942
[INFO ] 2024-04-05 17:26:17.853 [main] TriangleObserverImpl - Warehouse updated
[INFO ] 2024-04-05 17:26:17.854 [main] TriangleFactoryImpl - A new triangle: Triangle{id=6, side A=8.0, side B=9.0, side C=9.0, state=ISOSCELES}
[INFO ] 2024-04-05 17:26:17.854 [main] TriangleServiceImpl - Perimeter calculated: 18.0
[INFO ] 2024-04-05 17:26:17.854 [main] TriangleServiceImpl - Area calculated: 15.588457268119896
[INFO ] 2024-04-05 17:26:17.854 [main] TriangleObserverImpl - Warehouse updated
[INFO ] 2024-04-05 17:26:17.854 [main] TriangleFactoryImpl - A new triangle: Triangle{id=7, side A=6.0, side B=6.0, side C=6.0, state=EQUILATERAL}
[ERROR] 2024-04-05 17:26:17.855 [main] TriangleValidator - Invalid triangle data: [1.0, 1.0, 7.0]
[INFO ] 2024-04-05 17:26:17.858 [main] TriangleServiceImpl - Perimeter calculated: 15.0
[INFO ] 2024-04-05 17:26:17.859 [main] TriangleServiceImpl - Area calculated: 9.921567416492215
[INFO ] 2024-04-05 17:26:17.859 [main] TriangleObserverImpl - Warehouse updated
[INFO ] 2024-04-05 17:26:17.863 [main] TriangleServiceImpl - Perimeter calculated: 15.0
[INFO ] 2024-04-05 17:26:17.863 [main] TriangleServiceImpl - Area calculated: 9.921567416492215
[INFO ] 2024-04-05 17:26:17.864 [main] TriangleObserverImpl - Warehouse updated
[INFO ] 2024-04-05 17:26:17.864 [main] TriangleServiceImpl - Perimeter calculated: 15.0
[ERROR] 2024-04-05 17:26:17.868 [main] InputValidator - Invalid data: [2w.0, 3.0, 4.1]
[ERROR] 2024-04-05 17:26:17.868 [main] InputValidator - Number of parameters doesn't equals 3: [1.0, 2.0]
[INFO ] 2024-04-05 17:26:17.872 [main] TriangleServiceImpl - Perimeter calculated: 26.0
[INFO ] 2024-04-05 17:26:17.872 [main] TriangleServiceImpl - Area calculated: 32.2490309931942
[INFO ] 2024-04-05 17:26:17.872 [main] TriangleObserverImpl - Warehouse updated
[INFO ] 2024-04-05 17:26:17.880 [main] TriangleServiceImpl - Perimeter calculated: -1.0
[INFO ] 2024-04-05 17:26:17.880 [main] TriangleServiceImpl - Area calculated: -1.0
[INFO ] 2024-04-05 17:26:17.881 [main] TriangleObserverImpl - Warehouse updated
[INFO ] 2024-04-05 17:26:17.881 [main] TriangleServiceImpl - Perimeter calculated: -1.0
[INFO ] 2024-04-05 17:26:17.881 [main] TriangleServiceImpl - Area calculated: -1.0
[INFO ] 2024-04-05 17:26:17.881 [main] TriangleObserverImpl - Warehouse updated
[INFO ] 2024-04-05 17:29:18.390 [main] TriangleServiceImpl - Perimeter calculated: 12.0
[INFO ] 2024-04-05 17:29:18.396 [main] TriangleServiceImpl - Area calculated: 6.0
[INFO ] 2024-04-05 17:29:18.397 [main] TriangleObserverImpl - Warehouse updated
[INFO ] 2024-04-05 17:29:18.425 [main] TriangleServiceImpl - Perimeter calculated: 15.0
[INFO ] 2024-04-05 17:29:18.426 [main] TriangleServiceImpl - Area calculated: 9.921567416492215
[INFO ] 2024-04-05 17:29:18.427 [main] TriangleObserverImpl - Warehouse updated
[INFO ] 2024-04-05 17:29:18.428 [main] TriangleServiceImpl - Area calculated: 9.921567416492215
[INFO ] 2024-04-05 17:29:18.432 [main] TriangleServiceImpl - Perimeter calculated: 18.0
[INFO ] 2024-04-05 17:29:18.433 [main] TriangleServiceImpl - Area calculated: 15.588457268119896
[INFO ] 2024-04-05 17:29:18.434 [main] TriangleObserverImpl - Warehouse updated
[INFO ] 2024-04-05 17:29:18.439 [main] TriangleServiceImpl - Perimeter calculated: 15.0
[INFO ] 2024-04-05 17:29:18.439 [main] TriangleServiceImpl - Area calculated: 9.921567416492215
[INFO ] 2024-04-05 17:29:18.440 [main] TriangleObserverImpl - Warehouse updated
[INFO ] 2024-04-05 17:29:18.440 [main] TriangleServiceImpl - Perimeter calculated: 15.0
[INFO ] 2024-04-05 17:29:18.440 [main] TriangleServiceImpl - Perimeter calculated: 17.0
[INFO ] 2024-04-05 17:29:18.441 [main] TriangleServiceImpl - Area calculated: 13.635890143294644
[INFO ] 2024-04-05 17:29:18.441 [main] TriangleObserverImpl - Warehouse updated
[INFO ] 2024-04-05 17:29:18.441 [main] TriangleServiceImpl - Perimeter calculated: 17.0
[INFO ] 2024-04-05 17:29:18.452 [main] TriangleServiceImpl - Perimeter calculated: 15.0
[INFO ] 2024-04-05 17:29:18.453 [main] TriangleServiceImpl - Area calculated: 9.921567416492215
[INFO ] 2024-04-05 17:29:18.453 [main] TriangleObserverImpl - Warehouse updated
[INFO ] 2024-04-05 17:29:18.465 [main] TriangleFactoryImpl - A new triangle: Triangle{id=5, side A=4.0, side B=5.0, side C=6.0, state=REGULAR}
[INFO ] 2024-04-05 17:29:18.466 [main] TriangleServiceImpl - Perimeter calculated: 26.0
[INFO ] 2024-04-05 17:29:18.466 [main] TriangleServiceImpl - Area calculated: 32.2490309931942
[INFO ] 2024-04-05 17:29:18.466 [main] TriangleObserverImpl - Warehouse updated
[INFO ] 2024-04-05 17:29:18.466 [main] TriangleFactoryImpl - A new triangle: Triangle{id=6, side A=8.0, side B=9.0, side C=9.0, state=ISOSCELES}
[INFO ] 2024-04-05 17:29:18.467 [main] TriangleServiceImpl - Perimeter calculated: 18.0
[INFO ] 2024-04-05 17:29:18.467 [main] TriangleServiceImpl - Area calculated: 15.588457268119896
[INFO ] 2024-04-05 17:29:18.467 [main] TriangleObserverImpl - Warehouse updated
[INFO ] 2024-04-05 17:29:18.467 [main] TriangleFactoryImpl - A new triangle: Triangle{id=7, side A=6.0, side B=6.0, side C=6.0, state=EQUILATERAL}
[ERROR] 2024-04-05 17:29:18.468 [main] TriangleValidator - Invalid triangle data: [1.0, 1.0, 7.0]
[INFO ] 2024-04-05 17:29:18.473 [main] TriangleServiceImpl - Perimeter calculated: 15.0
[INFO ] 2024-04-05 17:29:18.475 [main] TriangleServiceImpl - Area calculated: 9.921567416492215
[INFO ] 2024-04-05 17:29:18.479 [main] TriangleObserverImpl - Warehouse updated
[INFO ] 2024-04-05 17:29:18.486 [main] TriangleServiceImpl - Perimeter calculated: 15.0
[INFO ] 2024-04-05 17:29:18.486 [main] TriangleServiceImpl - Area calculated: 9.921567416492215
[INFO ] 2024-04-05 17:29:18.487 [main] TriangleObserverImpl - Warehouse updated
[INFO ] 2024-04-05 17:29:18.487 [main] TriangleServiceImpl - Perimeter calculated: 15.0
[ERROR] 2024-04-05 17:29:18.492 [main] InputValidator - Invalid data: [2w.0, 3.0, 4.1]
[ERROR] 2024-04-05 17:29:18.492 [main] InputValidator - Number of parameters doesn't equals 3: [1.0, 2.0]
[INFO ] 2024-04-05 17:29:18.497 [main] TriangleServiceImpl - Perimeter calculated: 26.0
[INFO ] 2024-04-05 17:29:18.498 [main] TriangleServiceImpl - Area calculated: 32.2490309931942
[INFO ] 2024-04-05 17:29:18.498 [main] TriangleObserverImpl - Warehouse updated
[INFO ] 2024-04-05 17:29:18.505 [main] TriangleServiceImpl - Perimeter calculated: -1.0
[INFO ] 2024-04-05 17:29:18.505 [main] TriangleServiceImpl - Area calculated: -1.0
[INFO ] 2024-04-05 17:29:18.505 [main] TriangleObserverImpl - Warehouse updated
[INFO ] 2024-04-05 17:29:18.505 [main] TriangleServiceImpl - Perimeter calculated: -1.0
[INFO ] 2024-04-05 17:29:18.505 [main] TriangleServiceImpl - Area calculated: -1.0
[INFO ] 2024-04-05 17:29:18.506 [main] TriangleObserverImpl - Warehouse updated
[ERROR] 2024-04-05 17:29:57.961 [main] InputValidator - Invalid data: [2w.0, 3.0, 4.1]
[ERROR] 2024-04-05 17:29:57.967 [main] InputValidator - Number of parameters doesn't equals 3: [1.0, 2.0]
[INFO ] 2024-04-05 17:36:09.215 [main] TriangleServiceImpl - Perimeter calculated: 12.0
[INFO ] 2024-04-05 17:36:09.222 [main] TriangleServiceImpl - Area calculated: 6.0
[INFO ] 2024-04-05 17:36:09.224 [main] TriangleObserverImpl - Warehouse updated
[INFO ] 2024-04-05 17:36:09.255 [main] TriangleServiceImpl - Perimeter calculated: 15.0
[INFO ] 2024-04-05 17:36:09.256 [main] TriangleServiceImpl - Area calculated: 9.921567416492215
[INFO ] 2024-04-05 17:36:09.256 [main] TriangleObserverImpl - Warehouse updated
[INFO ] 2024-04-05 17:36:09.257 [main] TriangleServiceImpl - Area calculated: 9.921567416492215
[INFO ] 2024-04-05 17:36:09.260 [main] TriangleServiceImpl - Perimeter calculated: 18.0
[INFO ] 2024-04-05 17:36:09.261 [main] TriangleServiceImpl - Area calculated: 15.588457268119896
[INFO ] 2024-04-05 17:36:09.262 [main] TriangleObserverImpl - Warehouse updated
[INFO ] 2024-04-05 17:36:09.266 [main] TriangleServiceImpl - Perimeter calculated: 15.0
[INFO ] 2024-04-05 17:36:09.267 [main] TriangleServiceImpl - Area calculated: 9.921567416492215
[INFO ] 2024-04-05 17:36:09.267 [main] TriangleObserverImpl - Warehouse updated
[INFO ] 2024-04-05 17:36:09.268 [main] TriangleServiceImpl - Perimeter calculated: 15.0
[INFO ] 2024-04-05 17:36:09.268 [main] TriangleServiceImpl - Perimeter calculated: 17.0
[INFO ] 2024-04-05 17:36:09.268 [main] TriangleServiceImpl - Area calculated: 13.635890143294644
[INFO ] 2024-04-05 17:36:09.269 [main] TriangleObserverImpl - Warehouse updated
[INFO ] 2024-04-05 17:36:09.269 [main] TriangleServiceImpl - Perimeter calculated: 17.0
[INFO ] 2024-04-05 17:36:09.283 [main] TriangleServiceImpl - Perimeter calculated: 15.0
[INFO ] 2024-04-05 17:36:09.284 [main] TriangleServiceImpl - Area calculated: 9.921567416492215
[INFO ] 2024-04-05 17:36:09.284 [main] TriangleObserverImpl - Warehouse updated
[INFO ] 2024-04-05 17:36:09.292 [main] TriangleFactoryImpl - A new triangle: Triangle{id=5, side A=4.0, side B=5.0, side C=6.0, state=REGULAR}
[INFO ] 2024-04-05 17:36:09.293 [main] TriangleServiceImpl - Perimeter calculated: 26.0
[INFO ] 2024-04-05 17:36:09.293 [main] TriangleServiceImpl - Area calculated: 32.2490309931942
[INFO ] 2024-04-05 17:36:09.293 [main] TriangleObserverImpl - Warehouse updated
[INFO ] 2024-04-05 17:36:09.293 [main] TriangleFactoryImpl - A new triangle: Triangle{id=6, side A=8.0, side B=9.0, side C=9.0, state=ISOSCELES}
[INFO ] 2024-04-05 17:36:09.293 [main] TriangleServiceImpl - Perimeter calculated: 18.0
[INFO ] 2024-04-05 17:36:09.293 [main] TriangleServiceImpl - Area calculated: 15.588457268119896
[INFO ] 2024-04-05 17:36:09.293 [main] TriangleObserverImpl - Warehouse updated
[INFO ] 2024-04-05 17:36:09.294 [main] TriangleFactoryImpl - A new triangle: Triangle{id=7, side A=6.0, side B=6.0, side C=6.0, state=EQUILATERAL}
[ERROR] 2024-04-05 17:36:09.294 [main] TriangleValidatorImpl - Invalid triangle data: [1.0, 1.0, 7.0]
[INFO ] 2024-04-05 17:36:09.297 [main] TriangleServiceImpl - Perimeter calculated: 15.0
[INFO ] 2024-04-05 17:36:09.297 [main] TriangleServiceImpl - Area calculated: 9.921567416492215
[INFO ] 2024-04-05 17:36:09.297 [main] TriangleObserverImpl - Warehouse updated
[INFO ] 2024-04-05 17:36:09.300 [main] TriangleServiceImpl - Perimeter calculated: 15.0
[INFO ] 2024-04-05 17:36:09.301 [main] TriangleServiceImpl - Area calculated: 9.921567416492215
[INFO ] 2024-04-05 17:36:09.301 [main] TriangleObserverImpl - Warehouse updated
[INFO ] 2024-04-05 17:36:09.302 [main] TriangleServiceImpl - Perimeter calculated: 15.0
[ERROR] 2024-04-05 17:36:09.307 [main] InputValidatorImpl - Invalid data: [2w.0, 3.0, 4.1]
[ERROR] 2024-04-05 17:36:09.307 [main] InputValidatorImpl - Number of parameters doesn't equals 3: [1.0, 2.0]
[INFO ] 2024-04-05 17:36:09.311 [main] TriangleServiceImpl - Perimeter calculated: 26.0
[INFO ] 2024-04-05 17:36:09.311 [main] TriangleServiceImpl - Area calculated: 32.2490309931942
[INFO ] 2024-04-05 17:36:09.311 [main] TriangleObserverImpl - Warehouse updated
[INFO ] 2024-04-05 17:36:09.318 [main] TriangleServiceImpl - Perimeter calculated: -1.0
[INFO ] 2024-04-05 17:36:09.318 [main] TriangleServiceImpl - Area calculated: -1.0
[INFO ] 2024-04-05 17:36:09.318 [main] TriangleObserverImpl - Warehouse updated
[INFO ] 2024-04-05 17:36:09.319 [main] TriangleServiceImpl - Perimeter calculated: -1.0
[INFO ] 2024-04-05 17:36:09.319 [main] TriangleServiceImpl - Area calculated: -1.0
[INFO ] 2024-04-05 17:36:09.319 [main] TriangleObserverImpl - Warehouse updated
[ERROR] 2024-04-05 17:36:27.241 [main] InputValidatorImpl - Invalid data: [2w.0, 3.0, 4.1]
[ERROR] 2024-04-05 17:36:27.246 [main] InputValidatorImpl - Number of parameters doesn't equals 3: [1.0, 2.0]
[INFO ] 2024-04-05 17:36:27.252 [main] TriangleServiceImpl - Perimeter calculated: 15.0
[INFO ] 2024-04-05 17:36:27.253 [main] TriangleServiceImpl - Area calculated: 9.921567416492215
[INFO ] 2024-04-05 17:36:27.254 [main] TriangleObserverImpl - Warehouse updated
[INFO ] 2024-04-05 17:36:27.273 [main] TriangleFactoryImpl - A new triangle: Triangle{id=1, side A=4.0, side B=5.0, side C=6.0, state=REGULAR}
[INFO ] 2024-04-05 17:36:27.273 [main] TriangleServiceImpl - Perimeter calculated: 12.0
[INFO ] 2024-04-05 17:36:27.273 [main] TriangleServiceImpl - Area calculated: 6.0
[INFO ] 2024-04-05 17:36:27.274 [main] TriangleObserverImpl - Warehouse updated
[INFO ] 2024-04-05 17:36:27.274 [main] TriangleFactoryImpl - A new triangle: Triangle{id=2, side A=3.0, side B=4.0, side C=5.0, state=RIGHT}
[ERROR] 2024-04-05 17:36:27.275 [main] TriangleValidatorImpl - Invalid triangle data: [1.0, 1.0, 7.0]
[INFO ] 2024-04-05 17:36:27.275 [main] TriangleServiceImpl - Perimeter calculated: 26.0
[INFO ] 2024-04-05 17:36:27.276 [main] TriangleServiceImpl - Area calculated: 32.2490309931942
[INFO ] 2024-04-05 17:36:27.276 [main] TriangleObserverImpl - Warehouse updated
[INFO ] 2024-04-05 17:36:27.276 [main] TriangleFactoryImpl - A new triangle: Triangle{id=3, side A=8.0, side B=9.0, side C=9.0, state=ISOSCELES}
[ERROR] 2024-04-05 17:36:27.277 [main] TriangleValidatorImpl - Invalid triangle data: [7.0, 5.0, -4.0]
[ERROR] 2024-04-05 17:36:27.277 [main] TriangleValidatorImpl - Invalid triangle data: [-2.0, -3.0, -6.0]
[INFO ] 2024-04-05 17:36:27.277 [main] TriangleServiceImpl - Perimeter calculated: 18.0
[INFO ] 2024-04-05 17:36:27.277 [main] TriangleServiceImpl - Area calculated: 15.588457268119896
[INFO ] 2024-04-05 17:36:27.278 [main] TriangleObserverImpl - Warehouse updated
[INFO ] 2024-04-05 17:36:27.278 [main] TriangleFactoryImpl - A new triangle: Triangle{id=4, side A=6.0, side B=6.0, side C=6.0, state=EQUILATERAL}
[INFO ] 2024-04-05 17:36:27.278 [main] TriangleServiceImpl - Perimeter calculated: 7.199999999999999
[INFO ] 2024-04-05 17:36:27.278 [main] TriangleServiceImpl - Area calculated: 1.9162463307205573
[INFO ] 2024-04-05 17:36:27.279 [main] TriangleObserverImpl - Warehouse updated
[INFO ] 2024-04-05 17:36:27.279 [main] TriangleFactoryImpl - A new triangle: Triangle{id=5, side A=1.9, side B=2.1, side C=3.2, state=REGULAR}
[ERROR] 2024-04-05 17:36:27.279 [main] TriangleValidatorImpl - Invalid triangle data: [1.0, 2.0, 3.0]
[INFO ] 2024-04-05 17:36:27.280 [main] TriangleServiceImpl - Perimeter calculated: 16.0
[INFO ] 2024-04-05 17:36:27.281 [main] TriangleServiceImpl - Area calculated: 12.0
[INFO ] 2024-04-05 17:36:27.281 [main] TriangleObserverImpl - Warehouse updated
[INFO ] 2024-04-05 17:36:27.282 [main] TriangleServiceImpl - Perimeter calculated: 18.0
[INFO ] 2024-04-05 17:36:27.282 [main] TriangleServiceImpl - Area calculated: 12.0
[INFO ] 2024-04-05 17:36:27.282 [main] TriangleObserverImpl - Warehouse updated
